  form.c
C:\Users\vitam\source\repos\CompGraph1.1\CompGraph1.1\form.c(44,6): warning C4029: declared formal parameter list different from definition
C:\Users\vitam\source\repos\CompGraph1.1\CompGraph1.1\form.c(215,21): warning C4244: 'initializing': conversion from 'double' to 'float', possible loss of data
C:\Users\vitam\source\repos\CompGraph1.1\CompGraph1.1\form.c(216,21): warning C4244: 'initializing': conversion from 'double' to 'float', possible loss of data
C:\Users\vitam\source\repos\CompGraph1.1\CompGraph1.1\form.c(217,25): warning C4244: 'initializing': conversion from 'double' to 'float', possible loss of data
C:\Users\vitam\source\repos\CompGraph1.1\CompGraph1.1\form.c(220,24): warning C4305: 'initializing': truncation from 'double' to 'float'
C:\Users\vitam\source\repos\CompGraph1.1\CompGraph1.1\form.c(225,29): warning C4244: 'initializing': conversion from 'double' to 'float', possible loss of data
C:\Users\vitam\source\repos\CompGraph1.1\CompGraph1.1\form.c(234,29): warning C4244: 'initializing': conversion from 'double' to 'float', possible loss of data
C:\Users\vitam\source\repos\CompGraph1.1\CompGraph1.1\form.c(252,23): warning C4244: 'function': conversion from 'double' to 'GLfloat', possible loss of data
C:\Users\vitam\source\repos\CompGraph1.1\CompGraph1.1\form.c(252,44): warning C4244: 'function': conversion from 'double' to 'GLfloat', possible loss of data
C:\Users\vitam\source\repos\CompGraph1.1\CompGraph1.1\form.c(261,23): warning C4244: 'function': conversion from 'double' to 'GLfloat', possible loss of data
C:\Users\vitam\source\repos\CompGraph1.1\CompGraph1.1\form.c(261,44): warning C4244: 'function': conversion from 'double' to 'GLfloat', possible loss of data
C:\Users\vitam\source\repos\CompGraph1.1\CompGraph1.1\form.c(251,38): warning C4244: 'initializing': conversion from 'double' to 'float', possible loss of data
C:\Users\vitam\source\repos\CompGraph1.1\CompGraph1.1\form.c(260,38): warning C4244: 'initializing': conversion from 'double' to 'float', possible loss of data
C:\Users\vitam\source\repos\CompGraph1.1\CompGraph1.1\form.c(308,66): warning C4244: 'initializing': conversion from 'double' to 'float', possible loss of data
C:\Users\vitam\source\repos\CompGraph1.1\CompGraph1.1\form.c(309,66): warning C4244: 'initializing': conversion from 'double' to 'float', possible loss of data
C:\Users\vitam\source\repos\CompGraph1.1\CompGraph1.1\form.c(325,66): warning C4244: 'initializing': conversion from 'double' to 'float', possible loss of data
C:\Users\vitam\source\repos\CompGraph1.1\CompGraph1.1\form.c(346,61): warning C4244: 'initializing': conversion from 'double' to 'float', possible loss of data
C:\Users\vitam\source\repos\CompGraph1.1\CompGraph1.1\form.c(383,33): warning C4244: 'function': conversion from 'int' to 'float', possible loss of data
C:\Users\vitam\source\repos\CompGraph1.1\CompGraph1.1\form.c(383,36): warning C4244: 'function': conversion from 'int' to 'float', possible loss of data
C:\Users\vitam\source\repos\CompGraph1.1\CompGraph1.1\form.c(381,61): warning C4244: 'initializing': conversion from 'double' to 'float', possible loss of data
C:\Users\vitam\source\repos\CompGraph1.1\CompGraph1.1\form.c(439,22): warning C4244: 'initializing': conversion from 'double' to 'float', possible loss of data
  CompGraph1.1.vcxproj -> C:\Users\vitam\source\repos\CompGraph1.1\Debug\CompGraph1.1.exe
